pc1	pc2	localdens	midname
3.27412526094	3.82244968441	-2.86811839732	PH_13_lbs29_4b.mid
3.28385683384	1.96693496375	-2.86219043459	PH_17_beesq042.mid
0.093951142069	2.30489299604	-2.84722714717	PH_16_nbturk.mid
5.26800746785	2.5387868632	-2.75636752774	PH_19_beet87_2.mid
5.13987607213	2.90304085151	-2.75629874583	PH_17_beesq044.mid
5.32039807216	0.897481324883	-2.665897253	PH_18_beesq141.mid
5.08291230944	1.27374408747	-2.62536609786	PH_13_lbs29_4a.mid
4.30392879485	1.24760624829	-2.57464889888	PH_19_beet87_1.mid
-0.369838886712	-2.28401637634	-2.54365834874	PH_13_bebagat7.mid
1.00319147573	1.65062183011	-2.48721068498	PH_16_egmont.mid
0.965101619393	1.65524396888	-2.48422902246	PH_13_befelis.mid
3.0116072916	-2.116811756	-2.48100848392	PH_13_be-pv16r.mid
0.465036907216	-2.20209810181	-2.38932274215	PH_18_eguale_3.mid
-3.46598955853	1.54610121377	-2.35824981696	PH_12_st31_2_3.mid
4.22347767923	-0.579150783353	-2.32491449191	PH_14_be-2pre.mid
0.100508903586	1.53246553551	-2.31988233988	PH_17_beesq081.mid
-0.756726720009	-1.88837592514	-2.23002670859	PH_13_baga03.mid
3.61008281918	0.971733094733	-2.16495585823	PH_13_beba33-1.mid
3.89445894081	0.79247816923	-2.1560325767	PH_17_beesq041.mid
0.0454234182714	-1.97126291969	-2.14089629922	PH_12_jg_b283.mid
2.96708647769	-1.81147866698	-2.11812823026	PH_12_be-ps-10.mid
2.19408669447	-1.93225562873	-2.11246638742	PH_13_be-11ba.mid
2.2336055483	1.07784419128	-2.10665230533	PH_17_beesq043.mid
-0.449912967322	-1.82623667832	-2.09375070752	PH_13_baga11.mid
2.27850717043	1.06037023075	-2.08852133	PH_19_trioop87.mid
-0.0296096447318	-1.86720957535	-2.08574080024	PH_18_eguale_2.mid
0.145926336796	-1.81902097584	-2.07901733572	PH_18_beet_s-1.mid
3.9536061194	0.262670694673	-2.07475844874	PH_12_secondmv.mid
-0.944086929805	-1.5178028145	-2.07440026849	PH_13_bz6ecos.mid
-1.46142789888	1.48973273471	-2.07089136294	PH_18_hrn17_2.mid
-1.31499436268	-1.25534249538	-2.06306896608	PH_18_lvb24c.mid
-0.877800927782	-1.50803422989	-2.04624869336	PH_13_bv_ecoss.mid
2.33193260809	1.002284544	-2.03787931754	PH_19_beet87_3.mid
-4.86798345714	1.09514822074	-2.03629366857	PH_12_hu_bemo1.mid
3.43438284536	0.842287869115	-2.02906675071	PH_11_beps3.mid
3.47413045487	0.814794326684	-2.02895589234	PH_17_beesq024.mid
3.02729475183	0.934900069447	-2.01862746341	PH_18_beesq142.mid
3.884485715	0.226924927892	-2.01666528744	PH_18_be_op133.mid
3.91749418557	-0.246838966294	-2.01664705707	PH_12_be27_2_2.mid
3.31007701396	0.654904223963	-1.99311731262	PH_13_beba33-4.mid
3.24908832129	-1.43875348317	-1.97075485738	PH_18_woo32-1.mid
3.13578170134	0.680972564112	-1.9699917012	PH_18_lvb30n1a.mid
1.8647281498	0.91210651217	-1.95426607167	PH_17_beesq012.mid
-0.523061795295	-1.49963713043	-1.95232079179	PH_13_bebagat1.mid
3.23826246686	0.401298512753	-1.91229346338	PH_13_baga07.mid
3.37744003376	-0.636844844312	-1.8972718168	PH_18_serena-1.mid
3.67184280609	-0.148914815221	-1.88264137497	PH_18_beesq122.mid
-0.694901826414	1.38254045468	-1.8709844884	PH_15_bee68_4.mid
2.60842680515	-1.70093452579	-1.87023883926	PH_13_belamoli.mid
2.76232360155	0.484629349112	-1.86395314499	PH_18_lvb9-2_1.mid
-2.4888656616	-0.794847375939	-1.86393654937	PH_16_turkish.mid
3.30624461433	-0.632307486944	-1.86343556527	PH_19_beet48_1.mid
-0.312575431421	1.31802325777	-1.8539694004	PH_13_fur_eli.mid
3.66470760892	0.0627597957846	-1.85201640868	PH_18_beesqgf.mid
3.65645587354	-0.02379403522	-1.84338882383	PH_17_beesq013.mid
3.24870030276	-0.665786169106	-1.84065057183	PH_17_beesq082.mid
-0.972830642955	1.34745455769	-1.82614040488	PH_15_beetho-1.mid
0.0578328228169	1.20135814931	-1.82549629983	PH_18_op12nr1.mid
-0.454898867346	-1.30573997974	-1.82419597889	PH_17_bzquat.mid
2.1425263615	0.680257289696	-1.82355317854	PH_17_beesq034.mid
2.9910890406	-1.39761984451	-1.81500455432	PH_13_baga06.mid
-1.429697097	-0.991610231426	-1.81001331347	PH_14_bemfi2pb.mid
1.89182524147	0.743506274667	-1.80940824869	PH_18_beesq112.mid
-1.54296253572	1.25499274306	-1.80843630192	PH_18_lvb12n2a.mid
-0.858161327764	1.32778683524	-1.80229051758	PH_15_lvbsym64.mid
-2.69954309319	-0.703020139188	-1.80032387471	PH_19_lbfadoma.mid
3.47571253603	0.0558028743215	-1.795583337	PH_17_beesq032.mid
3.13544516356	-0.353816206541	-1.79268357152	PH_13_be_so_f.mid
3.24101349483	0.1977289686	-1.79040322869	PH_17_beesq011.mid
2.17294341427	0.595844560856	-1.7874816876	PH_12_be13_3.mid
-0.354369219606	-1.28597367247	-1.78645897871	PH_18_beet_so.mid
-0.469184633242	-1.23156152642	-1.78145986155	PH_13_bebagat2.mid
3.10106988257	-0.697294289434	-1.77917232629	PH_19_beetrio4.mid
3.3773065212	-0.0610219300717	-1.77830354702	PH_13_nel-cor.mid
-3.14283084781	-0.544504915456	-1.77210697912	PH_19_lvbop80.mid
2.58616931076	0.374293745698	-1.77140467658	PH_18_beesq151.mid
2.9841040455	-0.882882435548	-1.77106306405	PH_11_be_son1b.mid
-0.0172034378817	1.1691877484	-1.76589192462	PH_18_bevs7d.mid
-0.835475150134	-1.07781174374	-1.7518643271	PH_13_6eco83.mid
3.24180879901	0.0955052755285	-1.75102919387	PH_17_bestqu3a.mid
0.163259828838	-1.43459095377	-1.75089812978	PH_18_eguale_1.mid
0.303601875811	-1.45981422464	-1.73079137144	PH_18_jg_1302.mid
-4.66082108335	0.473680369093	-1.729319064	PH_18_serenade.mid
-0.891441745742	1.224243358	-1.71319518793	PH_15_beeth6-4.mid
-3.11489959733	-0.504241704703	-1.70925893612	PH_14_bev6i6pb.mid
3.0225272744	-0.0916501567045	-1.70925691872	PH_17_bestqu3b.mid
-0.860477040099	1.21015169575	-1.70145823798	PH_15_besy64.mid
0.168777474704	1.04506886562	-1.692770117	PH_18_beesq143.mid
2.78193768274	-1.13002931865	-1.69206142347	PH_17_jg_185_4.mid
1.28606838625	0.763236967225	-1.6892828721	PH_16_pncnop15_1.mid
1.28606838625	0.763236967225	-1.6892828721	PH_16_pncnop1.mid
2.83645847855	0.113320995857	-1.68218992496	PH_13_bebagat4.mid
-1.7900302256	1.16121399886	-1.67661367553	PH_13_ecossais.mid
-2.82310698993	-0.57171661135	-1.67476546598	PH_16_turkish_1.mid
-3.0179514999	1.27664170382	-1.6740649671	PH_14_beesy2_4.mid
-1.51477382235	-0.86159859526	-1.66680331357	PH_19_lvbsext4.mid
1.57261302436	0.642012480035	-1.6660270959	PH_12_beet78n2.mid
1.66114012402	0.602434944922	-1.66561342504	PH_18_beesq131.mid
2.70832251474	-1.27529137045	-1.6636094481	PH_16_joyful.mid
-2.73887878963	-0.583540732433	-1.66121100973	PH_16_be_turk.mid
-2.99430502486	-0.503925142958	-1.65742829691	PH_19_tmbechof.mid
-2.01505413319	-0.7426384523	-1.65242302842	PH_19_lvbop864.mid
2.67021387908	-1.29476951693	-1.65128247726	PH_12_be-ps-19.mid
1.49699969677	-1.65305764584	-1.65124415056	PH_13_sonati.mid
-0.234551365924	1.0903864507	-1.65057479365	PH_18_son24-4.mid
1.3040894329	0.709123987753	-1.64946455856	PH_12_beet78n1.mid
-1.82879090092	-0.779682766069	-1.64802593414	PH_13_bebagat3.mid
2.71520631605	0.0639875911914	-1.64593406687	PH_12_beop53n1.mid
-0.536516282617	1.12482028514	-1.64580972819	PH_17_be_roman.mid
1.15181682681	-1.60723016763	-1.64364724144	PH_14_rolp.mid
2.77721219879	-0.365587947426	-1.64106237449	PH_17_beesq054.mid
0.212525798361	0.974713844661	-1.63933101553	PH_18_lvb12n1a.mid
2.67551015574	-0.922640427107	-1.63446361678	PH_17_jg_592_2.mid
-1.60282171912	-0.81557041429	-1.63348758393	PH_13_jh_bew86.mid
-1.12050324596	1.09770017566	-1.6253911019	PH_18_bevs7a.mid
1.46147451886	-1.62916982013	-1.62461377911	PH_19_beetrio2.mid
1.61872528979	-1.62104865106	-1.60899411653	PH_18_beet_son.mid
0.151193100826	-1.21882500068	-1.60598534785	PH_17_jg_592_4.mid
1.54842517004	0.507639013011	-1.60246962611	PH_13_be-ps-30.mid
2.32891222762	-1.46156622595	-1.59995359896	PH_18_serenad.mid
1.22071826566	-1.5792764138	-1.59823977197	PH_14_bev1i3pb.mid
2.13990993834	0.219075238387	-1.59454374664	PH_17_beesq092.mid
2.39848543621	0.0913553013251	-1.58717450599	PH_17_beesq073.mid
2.36879184715	0.101604612685	-1.58474725531	PH_17_beesq064.mid
2.33937632103	0.110600099388	-1.58213174439	PH_11_gsp123.mid
2.64484264317	-0.62744577043	-1.58085580092	PH_14_rondo511.mid
2.3660879187	-1.38360715254	-1.57669260539	PH_13_be126n3.mid
2.16087575053	-1.49255033057	-1.57599955477	PH_13_baga08.mid
0.42715963659	-1.27604220944	-1.56572798888	PH_17_beesq063.mid
0.810786743148	-1.44198270436	-1.56462201358	PH_14_wutuber.mid
0.522520443748	0.792094303754	-1.55967201103	PH_11_beethove.mid
-3.11430423366	-0.382783445158	-1.55911017306	PH_19_chrlfant.mid
-4.25016861073	1.04231948135	-1.55817856643	PH_12_cdelune1.mid
1.23113719772	-1.5398739014	-1.55778882256	PH_13_lvbsonf.mid
2.45222306479	-1.0443201293	-1.55665054893	PH_14_be-2rond.mid
0.621012462965	-1.34586922544	-1.55303989431	PH_13_baga02.mid
1.31846862192	0.477837803964	-1.55264637049	PH_17_beesq093.mid
0.370505445562	0.816585870964	-1.55258209636	PH_12_be-ps-22.mid
2.39267745857	-1.2398306091	-1.55121355763	PH_17_jg593_1.mid
0.337199526518	0.81794355154	-1.54901849787	PH_18_lvb12n2b.mid
1.22150058111	0.51472485294	-1.54739679416	PH_12_bethoven.mid
1.66458518195	-1.55301157239	-1.54706525439	PH_13_bcontra2.mid
2.39204437008	-1.1911755096	-1.54593971481	PH_13_tw_woo14.mid
2.50998383026	-0.741626272199	-1.54502066266	PH_17_beesq102.mid
1.44203773259	0.375382343091	-1.54187712094	PH_11_lvb2-1a.mid
-0.622813276061	0.957148898799	-1.54176581228	PH_17_be-pc4-2.mid
0.700263209248	0.706680513402	-1.53966177581	PH_18_btefmai.mid
1.93504116158	-1.49593509062	-1.53611773273	PH_12_jg_b281.mid
1.25369024348	0.443149678133	-1.53423884297	PH_17_beesq072.mid
-0.259974283617	0.900288113123	-1.53418762569	PH_16_beeth8_4.mid
1.07605072047	0.539029212439	-1.53300561233	PH_16_beeth8_3.mid
2.11876068855	0.0982075886394	-1.52921885965	PH_17_beesq021.mid
2.09779542688	0.0949116054036	-1.52321255662	PH_19_beet87_4.mid
1.2134986764	-1.49339242944	-1.52273104906	PH_18_beesq132.mid
-4.38032315988	0.833420569889	-1.52136684512	PH_12_moonl1.mid
0.414335951745	0.738969055895	-1.52014298991	PH_16_beeth8_2.mid
0.540262286745	0.701309947437	-1.51861157385	PH_17_beesq014.mid
1.00248727904	-1.43565393693	-1.51822520132	PH_12_beethove.mid
-1.15293059921	-0.793572690456	-1.51227441619	PH_19_lvbop861.mid
0.360223232336	-1.13644745959	-1.5086614824	PH_17_beesq084.mid
-0.311189674242	0.850254912987	-1.50776974554	PH_18_beesq136.mid
-3.06387278713	-0.357086474807	-1.50309163594	PH_19_lvbop864_1.mid
1.89470003483	-1.43985899137	-1.50260885916	PH_13_bcontra1.mid
-3.86637649065	-0.0310538668545	-1.50142876283	PH_18_be_march.mid
-0.269551000395	0.826103426255	-1.5003366359	PH_18_lvb23a.mid
0.565004641707	0.625496095435	-1.49855376109	PH_18_beesq144.mid
2.17204182544	-1.23068604845	-1.49511085617	PH_19_clock.mid
-4.33901997914	0.84092595694	-1.49325341106	PH_12_besn14-1.mid
-0.948095978966	0.921151347755	-1.48950959181	PH_17_romance.mid
2.32654108467	-0.211236584983	-1.48786622266	PH_17_beesq091.mid
2.31276324567	-0.804716892355	-1.48775415803	PH_11_be-ps-02.mid
1.0122274504	-1.37914961489	-1.4870484727	PH_18_beet_s.mid
0.265147897734	0.673196460984	-1.48702308875	PH_17_bepc4b.mid
1.62149196205	0.190642711621	-1.48478235343	PH_18_beesq146.mid
2.13320858123	-1.20288216795	-1.48325436929	PH_12_cdelune2.mid
1.55740035517	-1.45658615603	-1.48280529029	PH_18_jg_1305.mid
-0.0210522843829	0.724269876229	-1.48122427756	PH_13_jg_b1092.mid
0.365772057022	0.615730072997	-1.48058558566	PH_11_beps1.mid
0.75146142332	0.446107654444	-1.47659748744	PH_19_lvbsext2.mid
-0.985340406932	0.910969825478	-1.47597786886	PH_18_lvb12n3a.mid
1.6403945189	0.166942544924	-1.47463180141	PH_17_beesq033.mid
1.27690106403	-1.42114044803	-1.47422217735	PH_13_be-pv12r.mid
0.780674510443	0.425677363292	-1.47395111773	PH_18_lvb12n2c.mid
1.79507885124	-1.38818625686	-1.47133639779	PH_13_be-pv04r.mid
-0.709165502241	-0.831771890324	-1.47054499603	PH_12_bz_sona.mid
2.21200994654	-0.884875867268	-1.46838040884	PH_13_be-pv06r.mid
-1.65595201113	1.01493496293	-1.46614307738	PH_16_coriolan_1.mid
-0.693297169335	0.828097304585	-1.45906546282	PH_17_beesq053.mid
0.724651935483	0.395277620539	-1.45708505439	PH_18_beesq134.mid
1.27327057705	-1.37558973032	-1.45623023282	PH_12_be-ps-20.mid
-2.20558838338	-0.52263021486	-1.45579729578	PH_19_be123cr.mid
-3.1804030414	-0.283128019558	-1.45217848242	PH_15_besy52.mid
-0.0391560302252	-0.935801136659	-1.45073810599	PH_13_be126n6.mid
2.05340327199	-0.0543066353031	-1.45003247059	PH_17_bestqu2b.mid
0.594013056012	-1.09496435807	-1.44902441758	PH_12_be-ps-25.mid
2.28140447609	-0.420206547472	-1.44692008085	PH_14_op51no1.mid
2.27618690442	-0.402360136651	-1.44593181452	PH_18_lvb30n1c.mid
0.728860755948	-1.13293605036	-1.4450595009	PH_13_baga04.mid
1.45843253952	-1.35842609139	-1.44476859262	PH_11_sk-path.mid
1.83075831469	-1.25659304875	-1.44447892079	PH_18_beesq163.mid
0.225652428035	-0.973615999764	-1.4388741104	PH_14_bev3i7pb.mid
-4.01809073118	1.04981391612	-1.4379050036	PH_12_be27_2_1.mid
-1.5097990966	-0.645949148949	-1.43757293406	PH_19_lvbop862.mid
1.6950990316	-1.28697532105	-1.43744502934	PH_13_be-6baga.mid
0.0304808710275	-0.930079638227	-1.43742199195	PH_13_lbs29_1.mid
-1.12396744796	-0.720060992447	-1.43691820984	PH_13_be-pv19r.mid
2.10112630875	-0.848609392327	-1.43652118439	PH_12_moonl2.mid
1.0451182593	-1.22225732212	-1.43383599837	PH_12_besn14-2.mid
-2.46798138806	-0.449590544947	-1.43070776722	PH_18_bevs7c.mid
1.42981114714	-1.2938597066	-1.42930050344	PH_13_be-pv09r.mid
-0.015609105315	0.560071204001	-1.42736474376	PH_18_jg_1306.mid
2.21530898683	-0.424513346975	-1.42621591311	PH_14_rondoa.mid
2.19807834745	-0.341552499054	-1.42542198485	PH_12_jg_b282.mid
1.72098395768	-1.20127823422	-1.42506384162	PH_18_woo32-2.mid
-4.21360459921	0.262409227719	-1.42284932091	PH_19_beetrio1.mid
1.86870365758	-1.04942222048	-1.41923892572	PH_18_jg_1303.mid
0.154751110758	-0.9236252634	-1.41916082368	PH_13_be-7ba.mid
1.61049776212	0.0770176254388	-1.41784351174	PH_12_beetson2.mid
1.58006062439	0.0828829071015	-1.41572324457	PH_17_beesq022.mid
-0.949863271796	-0.725224839701	-1.41425395904	PH_18_hrn17_1.mid
2.0277919665	-0.140719733847	-1.41411447116	PH_18_jg_1301.mid
-1.95765155698	-0.530719494977	-1.41205122836	PH_19_be123ky.mid
-1.06713790801	-0.701586702921	-1.41189229849	PH_19_be123ad.mid
0.826629737206	0.268827043533	-1.40806098828	PH_11_beeth101.mid
-0.33321510544	0.618526946576	-1.40557396689	PH_18_beesq111.mid
0.748497018226	-1.02182262641	-1.40546442336	PH_17_bzquator.mid
-1.22507114751	-0.663497556728	-1.40401698982	PH_12_beapsnt1.mid
1.57030600219	-1.12410480909	-1.40355890973	PH_18_beesq135.mid
1.95950976223	-0.117487798551	-1.4034856406	PH_17_beesq031.mid
1.54151870219	-1.12727730125	-1.40283283048	PH_13_be-sonat.mid
1.94097449758	-0.830944647799	-1.40215971953	PH_19_lvbsext3.mid
-2.84308404039	1.14684527753	-1.40150997331	PH_16_prometh.mid
-1.74959569934	-0.559743076358	-1.40101612033	PH_13_be126n2.mid
-0.216798064609	-0.828948503965	-1.40035342863	PH_14_be-poro.mid
-1.18786102333	0.871098267781	-1.4003155953	PH_18_lvb12n1c.mid
-0.292799210222	0.585516287919	-1.39639453417	PH_12_beop53n2.mid
-1.00274452214	0.81758563652	-1.39474741607	PH_18_beesq152.mid
1.890357534	-0.0981471622858	-1.39305069976	PH_17_beesq071.mid
-3.15587801671	-0.250872266794	-1.3925704228	PH_15_lvbsym52.mid
0.945094090157	-1.01811445508	-1.3908652906	PH_17_bzquato.mid
-0.179141411237	-0.809913714182	-1.38538429109	PH_12_be-ps-23.mid
1.82577978541	-0.822897476513	-1.38349232097	PH_14_be-ro-ca.mid
1.56568871836	-0.999300873436	-1.3831813485	PH_17_bzquat-1.mid
1.12478353797	-1.01794083021	-1.38284991236	PH_12_bps10-2.mid
-0.279321942718	-0.788481449009	-1.38109211903	PH_12_appa_sk.mid
1.76885789146	-0.854582083448	-1.38030455965	PH_11_son08_3.mid
1.9694625842	-0.601349298901	-1.37828767252	PH_18_beesq133.mid
1.94296646339	-0.193124148459	-1.37722306017	PH_18_beesq124.mid
-0.312892312135	-0.776541283495	-1.37675734672	PH_13_be126n5.mid
1.8284066176	-0.751237681141	-1.37503893975	PH_12_moonlte2.mid
0.959768620631	-0.934202148295	-1.37181766236	PH_13_be-pv17r.mid
1.54179797417	0.0145187607368	-1.37020803148	PH_14_bev5i5pb.mid
1.90565315203	-0.190748771301	-1.36835851015	PH_18_lvb132-1.mid
0.675689226874	-0.863693715344	-1.36823152508	PH_11_be-ps-06.mid
0.68476995058	-0.861124437284	-1.36749792899	PH_17_jg_182_1.mid
-1.30441834785	-0.603587257088	-1.36604994631	PH_16_lvb9_3.mid
1.91870437939	-0.569699959964	-1.36473501402	PH_14_beet_129.mid
0.762467506931	-0.855437483379	-1.36447307686	PH_12_bepthtq3.mid
-0.0470384539792	-0.779342218731	-1.36208439875	PH_12_be-ps-26.mid
1.29251868821	-0.909043058124	-1.36198869731	PH_13_be-ps-31.mid
0.983816795735	-0.874360418358	-1.36146496161	PH_13_jg_bps27.mid
1.3100526861	-0.894502035554	-1.36011131823	PH_17_jg_185_2.mid
1.89101906225	-0.210816983299	-1.36005738028	PH_13_jg_b1093.mid
1.31673492245	-0.892325853945	-1.35987265307	PH_11_bz_sona.mid
1.50200362866	-0.854011908213	-1.35958020054	PH_17_beesq101.mid
1.5306664097	-0.840685196581	-1.35929460557	PH_13_be-pv07r.mid
-2.07456884793	1.02114232809	-1.35801231801	PH_16_beetruin.mid
1.61733668315	-0.780043170258	-1.35722635779	PH_13_be-ps-28.mid
0.00219163901732	-0.765607486639	-1.35496059622	PH_12_be-ps-26_1.mid
0.734031923526	-0.774874520338	-1.35450518263	PH_13_bcontra3.mid
1.57697464599	-0.776021433134	-1.35416321509	PH_13_be126n1.mid
1.91601483112	-0.458505673553	-1.35183012878	PH_13_be-ps-32.mid
0.0178427004984	-0.756696460825	-1.3513533169	PH_13_be-pv14r.mid
0.919851430352	0.159187582417	-1.35113535746	PH_11_be_son1c.mid
-0.113252533087	0.440640177663	-1.35031250837	PH_18_op47_2.mid
1.83729025838	-0.5423877845	-1.34736683598	PH_17_jg_182_2.mid
1.3208073702	-0.763935299452	-1.34540287775	PH_14_beetron2.mid
1.88729634735	-0.436341373852	-1.34445557707	PH_18_beesq121.mid
1.72984303059	-0.602518305677	-1.34221940932	PH_17_beesq061.mid
1.02365754592	-0.690242535349	-1.34059323367	PH_13_jg_b1091.mid
-1.23896928313	-0.58086998006	-1.33906564545	PH_17_beetpc1.mid
0.664497444275	-0.645971234358	-1.33829660648	PH_17_bestqu2a.mid
-4.17724168774	0.336721442505	-1.33705068502	PH_15_beet6_3.mid
0.393106243347	0.273234565041	-1.33514559002	PH_11_be_son1a.mid
-1.60704594439	-0.514464335105	-1.33343016283	PH_13_baga05.mid
0.361926704743	-0.653525555481	-1.33308804574	PH_12_be-ps-15.mid
1.44791533515	-0.656271372077	-1.33262723017	PH_14_bev4i6pb.mid
-0.703305060052	0.61957053635	-1.32930371543	PH_17_jg_592_1.mid
1.35128000246	-0.640450788677	-1.32835071432	PH_18_equali.mid
0.668137701691	0.189871304129	-1.32737810738	PH_13_afav.mid
1.62302892973	-0.573212754091	-1.32693800247	PH_12_bems2.mid
0.0796129272365	0.345715406819	-1.32624016827	PH_18_beetfuge.mid
1.80278991794	-0.368219993006	-1.32495085972	PH_13_be-pv20r.mid
1.38495559606	-0.0173546617071	-1.32446267472	PH_14_be-pre.mid
-3.9613256581	0.95520143767	-1.32276241513	PH_14_lvbsym24.mid
1.63933867097	-0.516276884543	-1.3180155484	PH_18_lvb23b.mid
1.69803309938	-0.213672574395	-1.31633479657	PH_18_beesq164.mid
-1.14735775576	0.768368864242	-1.31605889212	PH_12_fullmoon.mid
-0.32334811042	-0.648092897804	-1.3139165643	PH_13_bebagat5.mid
-0.218482109558	-0.648922674715	-1.31384780946	PH_13_be-pv15r.mid
0.28388720293	-0.580439013295	-1.31350447193	PH_11_nf_be103.mid
-0.0396354911754	-0.631470646144	-1.31187534631	PH_14_be-rondo.mid
0.182978134877	-0.590789323357	-1.31121963076	PH_12_beso23-3.mid
0.0518468457017	0.330177078989	-1.31071012814	PH_12_sonataop.mid
1.67195899358	-0.437302678012	-1.30917131453	PH_11_rondopat.mid
-0.65273561722	-0.614069681799	-1.30851785341	PH_12_beson153.mid
1.62100779942	-0.468295908221	-1.30772662809	PH_17_jg_182_4.mid
1.31966321254	-0.527984364095	-1.30288382008	PH_14_berondoc.mid
-0.386438650322	0.445003035957	-1.29890569333	PH_12_beet271.mid
-0.67402621533	-0.59056339569	-1.29718838412	PH_13_tmb11910.mid
-3.92197778571	0.149523474393	-1.29473451006	PH_15_beetho.mid
1.40619077758	-0.0940296246733	-1.29452499008	PH_12_be13_2.mid
-1.21469613503	0.760640163747	-1.28993985247	PH_18_lvb24a.mid
-0.926403061073	-0.551227490593	-1.28900802818	PH_13_be-ps-12.mid
-1.66304337533	0.888334387764	-1.28713405957	PH_12_beethov.mid
-0.232834094575	-0.568480529936	-1.28558330969	PH_12_hu_bemo2.mid
-0.261727298926	-0.560305773583	-1.2818662984	PH_13_tw_woo83.mid
0.96422159563	0.0390633013616	-1.28173157801	PH_12_apps.mid
-0.555698651269	-0.563679866974	-1.28074718826	PH_19_lvbop865.mid
1.5165971334	-0.30257698826	-1.27708182873	PH_17_jg591_1.mid
1.51135594984	-0.3143755461	-1.27668293294	PH_18_beesq123.mid
-0.823123119226	0.581827978469	-1.27616041438	PH_15_thunders.mid
0.585017404497	-0.450107536895	-1.2757427942	PH_17_jg_182_3.mid
-3.77672179464	0.078037634516	-1.27393225896	PH_15_lvbsym43.mid
0.962554997791	0.0219514925949	-1.27202159988	PH_13_be-pv05r.mid
0.885687624602	-0.434193686095	-1.27031058318	PH_17_beesq023.mid
1.08184733244	-0.0299141683906	-1.26616699273	PH_18_op5no1a_.mid
1.30553981384	-0.379023175749	-1.26432139537	PH_12_lvbwald1.mid
0.651730293198	-0.413524713087	-1.26025133931	PH_17_jg593_2.mid
-1.02864382275	0.638916416777	-1.25413404914	PH_18_lvb24d.mid
0.955629722372	-0.384014170599	-1.25188645482	PH_17_beesq052.mid
-1.45951781964	-0.437938209417	-1.24889420192	PH_19_serena-3.mid
1.23579538306	-0.235670595852	-1.24148426266	PH_11_be-ps-05.mid
-0.726880344044	-0.469105091277	-1.23876394128	PH_12_be-ps-18.mid
1.18074706734	-0.179248894661	-1.23822764297	PH_12_beson152.mid
1.09985401088	-0.120728976362	-1.23762821443	PH_12_be13_1.mid
-2.82780680042	-0.234393938632	-1.23670354852	PH_15_be_sy5_2.mid
0.185911109246	0.180881450143	-1.23651115045	PH_12_st31_2_2.mid
0.950441125611	-0.0554669645874	-1.23541515129	PH_18_be_woo62.mid
0.945977721639	-0.330264110151	-1.23386068174	PH_17_jg593_34.mid
1.0879163988	-0.13733972866	-1.232475096	PH_12_be-ps-27.mid
1.07161787527	-0.287156409992	-1.23053215669	PH_17_beesq062.mid
-0.104330976316	0.245385708615	-1.22907803881	PH_12_stap14_3.mid
-1.71459487364	-0.390630741116	-1.22902735829	PH_17_empsc.mid
0.174746344127	-0.369998202193	-1.22772597348	PH_17_jg591_34.mid
-0.222833391219	0.27396412849	-1.22690677813	PH_18_bevs7b.mid
-0.909367855135	0.531763391687	-1.22507286263	PH_15_gmb5m3.mid
0.271412568886	-0.355801416519	-1.22486717077	PH_17_beesq051.mid
-0.147300462759	0.24299446649	-1.22102840966	PH_12_beet_moo.mid
-3.72663006092	0.960176818362	-1.22048000921	PH_12_moonlte1.mid
-0.743045396479	-0.428034268266	-1.21951473748	PH_19_be123sa.mid
-0.29416273555	0.274316040477	-1.21587914209	PH_12_be-ps-09.mid
0.390746647238	-0.326763494091	-1.21581557241	PH_12_sona23.mid
-3.83960011298	0.165844158621	-1.21486718989	PH_15_lvbsym63.mid
-3.22147214183	-0.114278579769	-1.21483361331	PH_19_4_hat_ma.mid
0.861489056599	-0.0844500187028	-1.21432736843	PH_18_beesq114.mid
0.929877992979	-0.242708300351	-1.21343599032	PH_12_be-ps-24.mid
-0.669929450577	-0.412511528666	-1.21343205268	PH_12_besntina.mid
0.566154906493	-0.304217447909	-1.21202416439	PH_13_be-pv10r.mid
0.708967745455	-0.287418856328	-1.21130967568	PH_13_baga01.mid
0.541566772058	0.0308138780829	-1.21056561466	PH_11_beps2.mid
-2.018016686	0.913572845416	-1.20792457585	PH_16_besy83.mid
-0.249122622053	0.245508970055	-1.2071779447	PH_12_be-ps-08.mid
-0.293537222598	0.25384474671	-1.20505206709	PH_13_xurelise.mid
-0.260273230893	-0.35596272812	-1.20323801394	PH_11_be-ps-04.mid
0.79504728447	-0.103371201548	-1.20218101524	PH_17_beesq074.mid
-0.595883044503	0.340446160783	-1.20020353188	PH_18_lvb12n1b.mid
-1.20129465107	-0.387630891346	-1.19991455746	PH_13_be-phant.mid
0.0130823904362	-0.320949266552	-1.19981100936	PH_17_jg_185_1.mid
0.598896708897	-0.0236724812436	-1.19776255872	PH_12_sona13.mid
0.356505477122	0.057742267746	-1.19675780158	PH_12_besn14-3.mid
-3.52950253693	1.00037017627	-1.19611650769	PH_18_mig.mid
0.261176245528	0.0818658648831	-1.19472009394	PH_18_lvb23c.mid
-0.594820852237	-0.364228698459	-1.19468855927	PH_17_jg_592_3.mid
-0.780694976714	-0.374484079747	-1.19453089011	PH_12_cdelune3.mid
0.747454939948	-0.195565102916	-1.19425971129	PH_18_beesq153.mid
-0.524591159198	0.298541892618	-1.19226980518	PH_16_be-pc3-2.mid
0.622165637263	-0.226745346201	-1.19097914373	PH_13_be-pv11r.mid
-1.08111736632	-0.372260644705	-1.18999740794	PH_14_bev2i3pb.mid
-0.209219082739	-0.315054968401	-1.18868734052	PH_17_jg591_2.mid
0.377728126419	0.0308440276117	-1.18867104501	PH_18_beesq155.mid
0.526475461441	-0.025327367015	-1.18833282808	PH_19_beetrio5.mid
0.530525866848	-0.0309802084697	-1.18724374074	PH_12_be-ps-11.mid
0.518210591394	-0.232195014372	-1.18689011441	PH_11_be-ps-07.mid
-1.91371999051	0.868665323669	-1.18228584116	PH_12_sonata12.mid
-0.58499639656	-0.329956883095	-1.18111206555	PH_13_furelise.mid
-1.83743957745	0.846510687469	-1.1801805645	PH_16_be-pc3-3.mid
-3.40118960712	-0.0248327227846	-1.17586532195	PH_15_lvbsym73.mid
-0.494569323733	-0.303530303371	-1.17390346354	PH_11_be-ps-03.mid
-1.90172233965	-0.319522460816	-1.17323439399	PH_15_beeth6-5.mid
-3.07336810612	1.02857094472	-1.17175282501	PH_13_beetbaga.mid
-0.907689697088	0.416336173057	-1.1708375109	PH_13_bebagat6.mid
-3.04071947629	1.02626300029	-1.1685891369	PH_14_bee60_2.mid
-0.466462094192	-0.285902407832	-1.16828848018	PH_13_be-pv21r.mid
-0.234826217415	-0.263143256301	-1.16800204829	PH_12_be-ps-13.mid
0.0604742890112	0.0734024724539	-1.16731901338	PH_13_lbs29_3.mid
-1.74864780931	-0.323535334338	-1.16685191397	PH_12_jg_79_2.mid
0.414264514837	-0.147336464625	-1.16613763771	PH_11_be-ps-01.mid
-1.56567341968	0.745130844728	-1.16565929436	PH_16_be-pc2-1.mid
-0.509250077952	0.231528125531	-1.16517767859	PH_19_lvboct1.mid
0.372232228801	-0.0738374150559	-1.16330544964	PH_13_bagatell.mid
-1.02339218545	0.453816523047	-1.15827051123	PH_15_tempes_1.mid
0.167030918718	-0.181881071886	-1.15817115482	PH_18_serena-2.mid
0.270678431469	-0.0532768701352	-1.15687450456	PH_13_bag-gmin.mid
-0.463912372863	-0.249834217022	-1.15566377016	PH_19_bt_adela.mid
0.282996438617	-0.101298197535	-1.15513896614	PH_17_bequan10.mid
-1.54970749452	-0.316925292194	-1.15463206195	PH_17_betviol2.mid
0.0674467795496	-0.183308550778	-1.1542572152	PH_12_bepthtq2.mid
0.220788813447	-0.0544470870126	-1.15271215818	PH_17_beesq104.mid
0.155026896901	-0.123797644894	-1.14836721365	PH_12_bepthtq1.mid
-1.34086165293	-0.305650415696	-1.14758759226	PH_18_be_min_g.mid
-0.407417017693	0.150163731528	-1.14704591642	PH_19_hella.mid
-0.407417017693	0.150163731528	-1.14704591642	PH_13_be-ich_.mid
-1.25681058389	0.571783697711	-1.14646905578	PH_19_trio_op_.mid
-0.257748788434	-0.192319590804	-1.14486339521	PH_13_be-elise.mid
-3.16661759009	1.00712213905	-1.14483360163	PH_16_b9-1-maa.mid
-1.05629898467	0.434445883499	-1.14215226673	PH_18_beesq147.mid
-3.36354377082	0.985452542753	-1.14199676209	PH_12_firstmvm.mid
-0.428854265676	-0.20185377742	-1.14194612557	PH_12_be-ps-16.mid
-2.42108813721	-0.239749801251	-1.14165588147	PH_17_beetpc2.mid
-1.82071024963	-0.293686751109	-1.14163488632	PH_19_be123gl.mid
-3.65018579273	0.901343376353	-1.14157427477	PH_18_serena.mid
-3.47527936829	0.961736002255	-1.140660468	PH_15_lvbsym42.mid
-1.37622317216	0.624639756392	-1.13886211462	PH_18_beesq161.mid
-0.0325010599684	-0.0310558753221	-1.13689046878	PH_13_be-pv01r.mid
-1.14811632188	-0.272975735126	-1.13610392776	PH_17_lvb7352.mid
-3.00580210601	1.00293058417	-1.13587487081	PH_14_bt_sy2_4.mid
-0.756222261549	0.237667995563	-1.13424704757	PH_16_beepc3_b.mid
-0.246304989141	0.0477402261077	-1.13364888682	PH_17_beesq083.mid
-0.508966641603	-0.178040307934	-1.13290650367	PH_12_be-ps-21.mid
-1.47169211228	-0.287098275439	-1.13261421546	PH_18_bee16qt1.mid
-0.550594969513	0.147664564038	-1.13252735379	PH_16_beeth8_1.mid
-0.311207472909	-0.1467229961	-1.13247549878	PH_12_be32_2b.mid
-0.432810310774	-0.16466086493	-1.13228009141	PH_12_be-ps-17.mid
-0.216549784565	-0.12538328244	-1.13203617179	PH_17_beesq094.mid
-1.23196773375	0.526549421458	-1.13193025167	PH_19_5_gut_s.mid
-0.181639851141	-0.0293086778082	-1.12833021406	PH_18_lvb132-2.mid
-0.565253529702	-0.160862421863	-1.12674455062	PH_18_mandocma.mid
-2.46053349478	-0.221017635799	-1.12376382108	PH_13_be126n4.mid
-3.48969802363	0.940308455968	-1.12337610062	PH_12_alchiadi.mid
-1.27710104465	0.533821553224	-1.12182707762	PH_16_be-pc2-2.mid
-1.35948907213	0.582485050787	-1.12040069546	PH_18_beces4.mid
-0.375599197889	0.00752330162635	-1.12033545799	PH_18_jg_1304.mid
-0.48419141756	0.0620557952071	-1.12000614892	PH_12_mond3pal.mid
-0.497259857754	0.0674022956944	-1.11992201933	PH_13_be-andan.mid
-0.555404402092	-0.121625951505	-1.11925315015	PH_13_be-wald_.mid
-2.99874918717	0.988701079312	-1.11660258095	PH_14_besy42.mid
-0.441687549539	0.00149384532921	-1.11642480138	PH_12_moon3.mid
-2.70994217868	-0.175543976026	-1.11613525383	PH_15_lvbsym62.mid
-1.72502717479	0.746305651484	-1.11472389408	PH_16_beeth7_2.mid
-0.931232533462	0.257358890673	-1.1122627287	PH_18_lvb12n3b.mid
-0.65733389955	-0.0998468429487	-1.1113677044	PH_17_bepc4a.mid
-0.803660243351	-0.12806293717	-1.10843884486	PH_12_bems3.mid
-3.22831593049	-0.0377923395158	-1.10625785395	PH_12_jg_79_3.mid
-2.58668175185	0.948216040782	-1.10580761272	PH_14_beeth55_.mid
-2.6924865305	0.961221370171	-1.10571132559	PH_13_tmb11909.mid
-1.18927339617	-0.211054176734	-1.10535479258	PH_18_beesq113.mid
-0.705996338909	0.0405843819833	-1.10240855775	PH_16_be-pc1-2.mid
-3.07708474426	0.976699986498	-1.10148610421	PH_15_b4-2-maa.mid
-1.44123109178	0.594676626517	-1.10115638124	PH_17_jg_185_3.mid
-0.765820112541	0.0663203958628	-1.09936404771	PH_13_be-ps-29.mid
-1.87326636642	-0.24646032389	-1.09767598531	PH_16_be_sy9_3.mid
-0.757473867383	0.0159268397559	-1.09764591295	PH_13_furelse1.mid
-3.8635396455	0.338357036924	-1.09729973997	PH_13_lbs29_2.mid
-0.858784379833	0.103469246839	-1.09365088512	PH_18_op5no1r_.mid
-0.861471117781	-0.039043187417	-1.09152792522	PH_12_hu_bemo3.mid
-2.99728226342	-0.0950434991876	-1.09132410381	PH_15_dglvb67b.mid
-1.17818584049	-0.163207029766	-1.08792411156	PH_11_be_son1d.mid
-2.2435700469	0.872156910851	-1.08776822695	PH_16_coriolan_2.mid
-1.42008779812	-0.211270897786	-1.08756295325	PH_12_st31_2_1.mid
-3.38383392382	0.929506539289	-1.0871365308	PH_16_besy91.mid
-2.44837957225	-0.194548666339	-1.08672450779	PH_19_lvbop861_1.mid
-0.896451168714	0.00569723395513	-1.08585720259	PH_12_be27_2_3.mid
-1.05199151627	0.237136232032	-1.08579415697	PH_18_lvbfuriouso.mid
-1.80348649285	0.741767765604	-1.08552992316	PH_15_beeth7_2.mid
-1.74013210183	0.71482463624	-1.08368246496	PH_17_pc5eb-1.mid
-3.39152186352	0.92152660318	-1.08125333129	PH_16_beethove.mid
-2.77936558522	0.950489361348	-1.08020006146	PH_15_bee60_4.mid
-1.0014425356	0.144421472525	-1.07959680569	PH_12_hmoonl3.mid
-3.30825382371	0.93542162838	-1.07819518249	PH_13_baga09.mid
-2.4394553317	-0.188552705975	-1.07754577147	PH_15_lvbsym65.mid
-3.35265718042	0.0310372438779	-1.07419171858	PH_17_betviol3.mid
-1.55003319195	0.60779023423	-1.07360754067	PH_12_moonlit.mid
-1.1564787989	0.266964298649	-1.07025458553	PH_16_pncnop15_2.mid
-1.47759883768	-0.187358258251	-1.0696942199	PH_12_be32_2a.mid
-1.33339457618	-0.146620161101	-1.06547449212	PH_12_moonlte3.mid
-2.88197896046	0.945010129039	-1.06487411862	PH_15_b4-4-maa.mid
-1.10334635996	-0.024210805204	-1.06465078924	PH_14_bt_s1_2.mid
-3.07341941973	0.94203880237	-1.05997649134	PH_14_sim2_04a.mid
-2.70224517965	-0.136197007884	-1.0598072994	PH_14_besym1.mid
-1.16408029657	-0.0467108543616	-1.05976984851	PH_14_sim1_2a.mid
-1.62424238129	-0.188201350249	-1.05811618799	PH_12_jg_79_1.mid
-1.14670115579	0.155601716098	-1.05610053502	PH_18_beesq154.mid
-3.84376932266	0.508108951777	-1.05133095809	PH_16_lvbsym92.mid
-1.60171223031	-0.170912272218	-1.04904739439	PH_12_b31_2_k.mid
-3.77779288374	0.641294006452	-1.04743756713	PH_14_lvbsym23.mid
-1.45500900295	0.483376044599	-1.04735711616	PH_15_bes7mv2.mid
-3.73206917165	0.688793029813	-1.04539421497	PH_12_moonlite.mid
-2.33927197754	-0.172486261145	-1.0443876643	PH_15_besy65.mid
-1.75899611956	0.668822757102	-1.04402441117	PH_13_baga10.mid
-3.31025305462	0.0422027124186	-1.03926400623	PH_15_lvbsym61.mid
-1.99828743084	0.754195614192	-1.03588874465	PH_16_beecorio.mid
-1.38645359547	-0.0662056705743	-1.03093857671	PH_16_jk_be15b.mid
-2.46838291762	0.867933973628	-1.02923935439	PH_16_be_s83jd.mid
-3.7829535693	0.578186326218	-1.02881574271	PH_15_bee68_3.mid
-3.0611118913	-0.0309173037171	-1.02711445864	PH_15_beeth6-1.mid
-2.610303976	-0.124950235029	-1.02522747419	PH_17_op73_2_3.mid
-2.56871056422	0.878605045419	-1.022551476	PH_15_beesy4-4.mid
-3.2990263009	0.876732424913	-1.02170390732	PH_16_lvbsym91.mid
-1.46037721559	-0.0692795208047	-1.02001352749	PH_12_moonl3.mid
-1.77090097112	0.635839135803	-1.01919742583	PH_14_bt_sy3_2.mid
-3.47369628499	0.817146432857	-1.01896308548	PH_13_hm_lvbop.mid
-3.03605666668	0.899630436036	-1.01281004593	PH_14_be_sy2_4.mid
-1.49127374414	-0.0627149269158	-1.01275091556	PH_12_be-ps-14.mid
-2.06861537544	0.750091790335	-1.01179118917	PH_14_bt_sy3_4.mid
-1.35966023218	0.172871000757	-1.01121482768	PH_16_be-pc-01.mid
-1.963470606	-0.152292581102	-1.01104543929	PH_12_op79.mid
-1.4912092974	0.402159287937	-1.01093765659	PH_12_lebpsd12.mid
-1.78897454608	0.626554257237	-1.00799092906	PH_19_lvbsext1.mid
-1.76873438605	0.611171549148	-1.00562485991	PH_14_beeth3_2.mid
-1.43031672895	0.285520216286	-1.00439051684	PH_17_concerto.mid
-3.76053561063	0.464827908578	-1.00133097464	PH_16_be1252.mid
-3.34695033015	0.832280233978	-0.995901931997	PH_19_beetrio3.mid
-2.21523179181	0.77532815486	-0.994066750971	PH_14_besy31.mid
-3.71632560799	0.366355153206	-0.993145626302	PH_14_lvbsym13.mid
-2.51417243725	0.841337223983	-0.991985407236	PH_18_lvb12n3c.mid
-1.98843391457	-0.13069246841	-0.991699727252	PH_16_b92.mid
-3.44477155248	0.145504126263	-0.990876759669	PH_14_bzstrq.mid
-1.62647604986	-0.0586096735523	-0.988535789858	PH_18_bop131.mid
-1.49429623282	0.290808683136	-0.986812498416	PH_15_allegr.mid
-2.91456277692	0.872418052025	-0.983752160777	PH_15_lvbsym44.mid
-1.80277031833	-0.0971514841133	-0.982778449805	PH_16_iv.mid
-2.21909445219	0.762920801108	-0.982090049314	PH_14_be3_4.mid
-1.62839682532	0.448057296794	-0.981293804727	PH_17_lvb58b.mid
-1.498785077	0.0694876878482	-0.981063918756	PH_18_hrn17_3.mid
-1.4825669461	0.126283855622	-0.980316128397	PH_19_jd_be123.mid
-2.63672940926	0.847215064392	-0.978918881465	PH_16_beesy8-3.mid
-1.79292524776	-0.085500202489	-0.976995954568	PH_19_lvbop863.mid
-2.04245566487	0.694593121576	-0.975665872489	PH_15_besy72.mid
-3.048294363	0.859876706372	-0.975205327013	PH_12_jg_b284.mid
-3.71304626941	0.469098679731	-0.974872998842	PH_16_beethov.mid
-2.67928310778	0.846775900717	-0.973273443582	PH_15_beesy4-2.mid
-1.53330981555	0.267710013405	-0.972216883081	PH_19_beetrio6.mid
-2.71051143408	0.845324848309	-0.968529853826	PH_14_beesy2_1.mid
-1.64696973769	0.420087413992	-0.967151760159	PH_19_serena-4.mid
-2.30714086794	0.769426363515	-0.966347296972	PH_15_be_sy4_4.mid
-2.6177723121	0.831892741115	-0.966310271361	PH_17_beetwell.mid
-3.51915094545	0.708321790826	-0.965968686149	PH_12_bems1.mid
-1.76936638837	-0.0568943154174	-0.964710500543	PH_17_beesq103.mid
-2.14752630216	-0.10416294797	-0.963498763329	PH_15_gmb5m2.mid
-2.92915534811	0.848766660567	-0.961169044378	PH_14_besy11.mid
-3.22083749156	0.818406394234	-0.960168907679	PH_15_pstrl-3.mid
-2.74024276709	0.838711716775	-0.959429513489	PH_14_besy44.mid
-3.56478845648	0.649395569041	-0.952866674014	PH_14_lvbsym11.mid
-2.10811168515	-0.0902465165665	-0.952428323032	PH_15_besym6-2.mid
-3.45394474218	0.720865434231	-0.951081655995	PH_14_lvbsym21.mid
-1.69163137751	0.410673052034	-0.950340504711	PH_15_beet5m3.mid
-2.68245975304	-0.0501738967814	-0.94710816642	PH_14_lvbsym12.mid
-3.21772825803	0.797566355229	-0.94392695302	PH_15_besy63.mid
-1.61397988853	0.176575903416	-0.943765105402	PH_18_lvb30n1b.mid
-2.07318054609	-0.0747052017953	-0.941648037279	PH_17_becpn523.mid
-2.48630192141	0.7821830175	-0.940932450691	PH_16_beefidov.mid
-1.69425273146	0.0474966543636	-0.939715674193	PH_14_bt_sy2_2.mid
-3.55726417837	0.288275253623	-0.939690240445	PH_14_beetho.mid
-2.44853291469	0.772700837671	-0.939554515898	PH_14_bt_sy3_1.mid
-1.64059608467	0.254876443087	-0.93877969114	PH_13_be-pv18r.mid
-2.9956553306	0.815210589736	-0.933639146517	PH_16_be-pc2-3.mid
-1.78567680489	0.0122530907081	-0.931282185619	PH_14_sim2_02a.mid
-3.3196434562	0.746566332013	-0.929554971888	PH_16_lvbsym83.mid
-3.40946928278	0.197235076295	-0.927602407131	PH_14_be_sy1_3.mid
-1.69494707763	0.291783438518	-0.925901104752	PH_17_be-pc4-1.mid
-2.40289918541	0.742021068446	-0.92302477257	PH_15_be_sy4_2.mid
-3.51887127273	0.283853142341	-0.922569493697	PH_14_symphony.mid
-1.76238281045	0.389171154529	-0.922239772647	PH_16_be-pc3-1.mid
-2.0661490567	0.620024813652	-0.921059181008	PH_18_beesq162.mid
-2.321240767	-0.0526681097154	-0.915787674561	PH_15_op_68e.mid
-2.25754282684	-0.0484215383871	-0.912196320813	PH_15_bee68_5.mid
-3.23935572151	0.130774020767	-0.911590011789	PH_15_beet6h_1.mid
-3.58279594585	0.47834460131	-0.910017224481	PH_15_lvbsym71.mid
-2.21287595975	0.663883110249	-0.909066918899	PH_16_bsy94.mid
-1.76730916526	0.156415306177	-0.901938438845	PH_14_beesy12.mid
-1.76730916526	0.156415306177	-0.901938438845	PH_14_besy12.mid
-2.25858503565	-0.0336382002845	-0.899708796763	PH_17_beet61a2.mid
-3.40680658184	0.233741773434	-0.899690192423	PH_14_be_sy3_3.mid
-2.55922201288	-0.0219953375853	-0.899167544291	PH_14_bt_s1_3.mid
-3.52002865733	0.341998590825	-0.89757899034	PH_14_lvbsym33.mid
-3.53397332237	0.522362886776	-0.895256877324	PH_16_bsy92.mid
-2.06450652872	0.570465211131	-0.895158385962	PH_17_becpn51.mid
-2.00517174687	0.521982856284	-0.890149516494	PH_19_lvbop865_1.mid
-1.96987978363	0.0286934016271	-0.889902269206	PH_18_lvb24b.mid
-3.53823404969	0.47348876692	-0.889675257379	PH_16_lvbsym84.mid
-2.2741842669	0.655716250041	-0.889149132854	PH_16_beeleo3.mid
-1.97262342766	0.0294833464469	-0.889062696784	PH_18_beesq145.mid
-1.93061583778	0.45418220354	-0.887413269422	PH_15_besym6-3.mid
-2.01630525921	0.523166278101	-0.88737502094	PH_14_besy32.mid
-3.02724472491	0.751288281032	-0.886754796937	PH_17_betrom1f.mid
-3.51853547904	0.510947764387	-0.886529195618	PH_16_ninth_rb.mid
-3.31000231974	0.19391232889	-0.88643451454	PH_15_be_sy7_1.mid
-2.09882908016	0.00855421278478	-0.881650935677	PH_15_bee68_2.mid
-2.19342689569	-0.00557035314587	-0.881619341064	PH_15_beethhov.mid
-3.10723850807	0.113428170223	-0.879919726273	PH_15_be_sy6_1.mid
-2.93286498704	0.0630925382872	-0.878008381322	PH_15_lvbsym54.mid
-2.81938239656	0.745466370296	-0.877208926227	PH_16_fidelio.mid
-1.86373127336	0.25043133631	-0.870860634438	PH_17_pc5eb-23.mid
-3.44887269289	0.551024298169	-0.870054156117	PH_14_besy13.mid
-2.32118527652	0.641354424629	-0.869695127159	PH_14_bt_s1_1.mid
-2.78113735121	0.733085643822	-0.869454433125	PH_14_bt_sy3_3.mid
-2.43935248089	0.677050582121	-0.869045541565	PH_14_eroica-1.mid
-2.90137408686	0.0665438494607	-0.867016030411	PH_19_lvbop862_1.mid
-2.71785741106	0.718440962264	-0.862481821987	PH_14_beesy11.mid
-3.08256388084	0.127698416343	-0.859259735525	PH_15_be_sy4_3.mid
-2.94196475449	0.718363931284	-0.858896095999	PH_16_leonora.mid
-1.92741308558	0.176010993645	-0.85638850147	PH_13_be-pv13r.mid
-3.41965278753	0.338793983579	-0.854002661561	PH_14_besy33.mid
-1.95498621043	0.349889401704	-0.853536512541	PH_16_beepc3_a.mid
-2.58665854809	0.0312759996867	-0.851250315753	PH_12_presto.mid
-2.26455750838	0.0337514645642	-0.849467172372	PH_15_beet5m2.mid
-1.94042864562	0.216534053495	-0.849200118029	PH_14_beesy2_2.mid
-2.47676284305	0.0271185410934	-0.848973897737	PH_15_andante_.mid
-2.25255314175	0.565048996126	-0.843261571083	PH_12_tmmoonlt.mid
-3.38929897364	0.52570373317	-0.842255755033	PH_15_beet71gs.mid
-2.92006245153	0.692018302821	-0.84070836128	PH_16_be_sy9_1.mid
-2.98246750272	0.11827147714	-0.839534033818	PH_16_jk_be15a.mid
-3.0398403724	0.138901603599	-0.837433982167	PH_15_be_sy7_3.mid
-2.34403955193	0.590420147538	-0.835760973385	PH_15_be_sy6_3.mid
-2.05110151968	0.395602294005	-0.834544881543	PH_16_besy81.mid
-2.87902103646	0.682020344881	-0.833396202584	PH_14_besy34.mid
-2.96464737532	0.676386326813	-0.832833052972	PH_14_beesy2_3.mid
-3.03424962853	0.142995903716	-0.83261804187	PH_17_betviol1.mid
-3.03424962853	0.142995903716	-0.83261804187	PH_17_beethove.mid
-2.01513887099	0.327699178775	-0.83228438186	PH_13_hm_lvbm4.mid
-2.73696648366	0.071971934409	-0.831932016621	PH_15_be_sy6_2.mid
-2.87395828152	0.0986767533379	-0.83188850404	PH_15_be_sy5_3.mid
-2.23341615739	0.0711299074648	-0.830108533153	PH_14_be_sy1_2.mid
-2.78137615215	0.0830479700661	-0.828915352624	PH_15_dglvb67c.mid
-2.8642961701	0.10160531176	-0.827534667974	PH_15_besy534.mid
-3.01739958025	0.65573438653	-0.824247131284	PH_16_ovfidb.mid
-2.40815819893	0.588574953915	-0.822011744394	PH_14_sim1_1a.mid
-2.55557205238	0.065740467285	-0.821059625047	PH_16_bsy93.mid
-3.2268363846	0.2475391397	-0.820525005568	PH_14_bee60_3.mid
-3.12650680854	0.195783378918	-0.820036003052	PH_16_be_sy9_2.mid
-2.15195161331	0.120163999352	-0.819831180884	PH_15_besy62.mid
-2.25951386606	0.0867493978391	-0.818961080241	PH_16_be_sy9_4.mid
-3.35547121483	0.459551930883	-0.818571978795	PH_15_lvbsym51.mid
-2.0997417716	0.382674821286	-0.817801380837	PH_16_pncnop15.mid
-3.13396494239	0.203452122005	-0.817223410181	PH_14_besy43.mid
-2.89118846822	0.652335082849	-0.81535107044	PH_15_beet5m1.mid
-2.87465592313	0.652672548399	-0.815257860414	PH_13_be-op6_.mid
-3.26704568597	0.291892892016	-0.813165280671	PH_16_be_sy8_4.mid
-2.50143319117	0.600580655479	-0.812539458262	PH_14_bt_sy2_1.mid
-3.34249750613	0.423608316349	-0.812362497391	PH_14_lvbsym14.mid
-2.60673024862	0.623823958804	-0.811693384743	PH_15_gmb5m1.mid
-2.13862198642	0.154640123174	-0.811355965736	PH_13_be-pv02r.mid
-2.70352773064	0.092792719814	-0.810973886515	PH_14_be_sy2_2.mid
-2.99524605781	0.632777639352	-0.809334203602	PH_14_beetho-1.mid
-2.12021150736	0.36054188118	-0.80786470348	PH_15_gmb5m4.mid
-2.81515647038	0.115587743502	-0.807831032262	PH_16_beet1c1t.mid
-3.29232070016	0.336868314391	-0.80673056193	PH_15_lvbsym41.mid
-2.99365071623	0.625984645172	-0.805471825429	PH_14_lvbsym34.mid
-3.26551331368	0.315818156926	-0.803958216987	PH_13_be-mar_.mid
-2.68713652278	0.622867776467	-0.803681872992	PH_15_beeth4_3.mid
-3.10383947123	0.594878608973	-0.801768796578	PH_14_be_sy1_1.mid
-2.12483972915	0.222751873445	-0.801415499432	PH_16_lvb58a.mid
-2.60477737169	0.0966997242106	-0.80058668219	PH_16_beetho.mid
-3.03875330458	0.191457094709	-0.798943068095	PH_15_besym5-3.mid
-2.31553783626	0.114937852459	-0.798927383109	PH_15_beet_sym.mid
-2.65574348106	0.607968486265	-0.797870424028	PH_16_beetho-1.mid
-3.27234031544	0.480032782315	-0.796659705332	PH_14_be_sy2_3.mid
-2.59436085965	0.101876513807	-0.796556903814	PH_16_lvbsym93.mid
-2.45947106995	0.549153328031	-0.793063117992	PH_17_triple-1.mid
-2.65577510102	0.114919515782	-0.790896763732	PH_16_creature.mid
-2.72228932126	0.1228378686	-0.790862735278	PH_15_lvbsym53.mid
-3.27298750113	0.409555088081	-0.790601227988	PH_18_op47_3.mid
-2.56043185451	0.571789709695	-0.789094072136	PH_14_sim2_01a.mid
-2.42266933453	0.118705695311	-0.788193417604	PH_14_sim1_4a.mid
-2.17941083105	0.324063286393	-0.78761035837	PH_15_beet5m4.mid
-2.34654406605	0.484515514597	-0.787058589604	PH_14_be_sy3_2.mid
-3.25017204448	0.374418986989	-0.786257781757	PH_16_lvbsym82.mid
-2.71761169272	0.143687333775	-0.776724753876	PH_15_beethov.mid
-2.7666685518	0.580417699386	-0.776523450334	PH_19_hallmtol.mid
-2.3681435092	0.158343857444	-0.774664475955	PH_14_bt_s1_4.mid
-2.52555241493	0.138246287608	-0.773844186347	PH_15_lvbv1.mid
-2.51772803512	0.520415594394	-0.771028187968	PH_16_lvbsym94.mid
-3.05848872813	0.536082329612	-0.770169352992	PH_14_eroica-3.mid
-3.03308866346	0.542626162761	-0.769609960872	PH_16_beesy8-4.mid
-2.87281071521	0.187242932453	-0.768631546075	PH_15_lvb54inc.mid
-2.40191214614	0.461290148707	-0.767886211748	PH_16_be-pc1-3.mid
-2.36285961161	0.431133948738	-0.766253221897	PH_16_beesy8-1.mid
-2.85104864791	0.560723633809	-0.766077396099	PH_15_be_sy7_2.mid
-3.12644152518	0.311193663134	-0.765444714001	PH_14_sim1_3a.mid
-2.33346437619	0.40186355374	-0.764857907033	PH_15_gp_past.mid
-2.77997999314	0.174871161094	-0.763986126619	PH_14_lvbsym22.mid
-2.66798015306	0.162875685246	-0.762432829066	PH_17_becvl23.mid
-3.03874339806	0.261908329843	-0.762183281091	PH_19_lvb856a.mid
-2.76794682153	0.550366220626	-0.762095932878	PH_16_lvb9_1.mid
-3.0484201132	0.268762839333	-0.761554683573	PH_16_jk_be15c.mid
-2.95991262131	0.539507272175	-0.761479538053	PH_14_beesy14.mid
-3.1071372174	0.311537572723	-0.760738746294	PH_19_fidelio.mid
-3.00580228417	0.250295306163	-0.76023171332	PH_15_beet73gs.mid
-3.13445550967	0.446396343217	-0.758721048949	PH_16_beetho92.mid
-2.77566470234	0.188065169637	-0.756469337564	PH_16_egmont_2.mid
-2.33662828062	0.253022801302	-0.755320581526	PH_17_becvl1.mid
-3.11627324564	0.441900981515	-0.754580941231	PH_14_be_sy1_4.mid
-3.0680497091	0.474093671119	-0.752339488344	PH_15_besy51.mid
-3.05893870529	0.479108307384	-0.752208487156	PH_15_dglvb67a.mid
-3.11414909865	0.409550070911	-0.751339262158	PH_16_be_s84jd.mid
-2.36513460906	0.359817416175	-0.75110652376	PH_14_be_sy3_1.mid
-2.61545739644	0.498147983045	-0.750185797586	PH_14_bt_sy2_3.mid
-2.45422731197	0.206029113975	-0.749795362028	PH_16_be-s8-1.mid
-3.03868156645	0.300573090499	-0.749054384799	PH_16_be_sy8_1.mid
-3.09406177738	0.410280931157	-0.747506120043	PH_14_beesy13.mid
-2.99343936168	0.489743858821	-0.74699617319	PH_15_besym5-1.mid
-2.7847029089	0.513497834208	-0.746230315448	PH_15_allegro.mid
-2.8949280599	0.509452214684	-0.746201985448	PH_16_coriolan.mid
-2.44463635143	0.410341864426	-0.74614173761	PH_17_be-pc4-3.mid
-2.44751788026	0.224818927073	-0.745384340419	PH_15_besy61.mid
-2.7500106869	0.210062301186	-0.744008191474	PH_16_egmont_1.mid
-3.03883022485	0.321995646839	-0.743941217867	PH_17_op73_1.mid
-2.65042477358	0.487438307123	-0.743149663503	PH_16_besy84.mid
-3.06922013579	0.410854470754	-0.743099657337	PH_18_op47_1.mid
-2.94063986918	0.489289661766	-0.742203843215	PH_16_beeleo2.mid
-2.80363066978	0.227525314715	-0.740824534419	PH_16_be_egmjd.mid
-2.41974623314	0.336928710106	-0.739461472344	PH_16_be-pc1-1.mid
-2.67759915744	0.213588625317	-0.73935067612	PH_12_be32_2c.mid
-2.53252074891	0.434692778583	-0.739246428815	PH_14_be_sy2_1.mid
-2.94890110866	0.475036572624	-0.738773731137	PH_14_lvbsym31.mid
-2.90107869619	0.48404143229	-0.738140929818	PH_16_weihe-ma.mid
-3.03470540156	0.356155060576	-0.738107119746	PH_17_lvb58c.mid
-2.72285827352	0.484868398579	-0.737766101785	PH_14_besy14.mid
-2.45317091053	0.262414218713	-0.737581720534	PH_16_lvb_egmo.mid
-3.03492906719	0.370745472498	-0.737103819476	PH_15_lvbsym72.mid
-2.99983687016	0.438615018481	-0.736070384826	PH_16_1lvb9sym.mid
-2.98467551532	0.317692855246	-0.735546040228	PH_17_beetpc3.mid
-2.84844570094	0.47655313844	-0.733894742071	PH_15_besy71.mid
-2.87414010538	0.270296558997	-0.732707082826	PH_16_steve-ma.mid
-2.91890142011	0.456971499245	-0.732018757775	PH_16_be_s82jd.mid
-2.48869376875	0.35248721582	-0.730638946898	PH_16_beesy8-2.mid
-2.68198861016	0.452025738482	-0.729840266473	PH_14_be_sy3_4.mid
-2.62235511238	0.244468074817	-0.729294154711	PH_15_bee68_1.mid
-2.51880996413	0.274992139668	-0.729083033698	PH_15_allegr-1.mid
-2.51492670818	0.286727434194	-0.728085890937	PH_15_besym6-1.mid
-2.54950552514	0.390627090015	-0.727875819501	PH_14_lvbsym32.mid
-2.50423616025	0.337264134475	-0.727776086937	PH_16_be_s81jd.mid
-2.54814044081	0.386913654156	-0.727452224817	PH_19_lvbop863_1.mid
-2.96373421097	0.368247802692	-0.726965500315	PH_17_betrom2g.mid
-2.72417653474	0.446366306415	-0.726363570023	PH_16_be_sy8_3.mid
-2.6063636237	0.411783235783	-0.725955593692	PH_14_beethov.mid
-2.52132214148	0.314958034901	-0.725710494457	PH_15_b7-4.mid
-2.84717382974	0.440066729072	-0.724683817724	PH_14_beethove.mid
-2.74786258903	0.266949894053	-0.724366351246	PH_13_hm_lvbm.mid
-2.90486315844	0.326309252371	-0.723769848757	PH_14_besy41.mid
-2.91468215848	0.408218835369	-0.723502403648	PH_15_lvbsym74.mid
-2.72586645008	0.433840023173	-0.723341252005	PH_15_b4-1-maa.mid
-2.55798401424	0.360679542079	-0.723339224271	PH_15_besy74.mid
-2.86531672683	0.308088325569	-0.722826008946	PH_15_beesy4-3.mid
-2.59459091244	0.283927538136	-0.722417220304	PH_15_beet74gs.mid
-2.91685647571	0.358226372016	-0.722135677621	PH_14_bee60_1.mid
-2.72389390859	0.275452131086	-0.721670362719	PH_17_beet61a1.mid
-2.90771089697	0.362321044392	-0.721120946082	PH_15_be_sy5_1.mid
-2.87549498781	0.3286087707	-0.720693208184	PH_15_be_sy4_1.mid
-2.88917910632	0.36537382624	-0.71947132173	PH_15_beesy4-1.mid
-2.72289948577	0.413189376157	-0.719365694523	PH_14_sim2_03a.mid
-2.59548728922	0.317433810042	-0.719323646681	PH_16_besy82.mid
-2.84563155827	0.405715007379	-0.71902844415	PH_16_lvbsym81.mid
-2.6106583653	0.356980306338	-0.718567053351	PH_15_beet72gs.mid
-2.86635403245	0.380269357518	-0.718075737706	PH_16_be_sy7_4.mid
-2.72589649676	0.296615371402	-0.717769974179	PH_16_be_sy8_2.mid
-2.75659942078	0.394362612542	-0.716106600726	PH_16_beeleo1.mid
-2.75697358956	0.315178025072	-0.715844473189	PH_15_besy73.mid
-2.79239162639	0.381085934844	-0.715154968848	PH_16_odejoy.mid
